<?xml version="1.0" encoding="UTF-8"?>
<!-- Generated by org.testng.reporters.JUnitReportReporter -->
<testsuite hostname="DESKTOP-7IVDP17" name="runner.SwLoginRunner" tests="1" failures="0" timestamp="30 Jan 2019 02:54:13 GMT" time="10.069" errors="0">
  <testcase name="feature" time="10.069" classname="runner.SwLoginRunner"/>
</testsuite> <!-- runner.SwLoginRunner -->
